C51 COMPILER V9.56.0.0   MAIN                                                              10/03/2017 13:37:35 PAGE 1   


C51 COMPILER V9.56.0.0, COMPILATION OF MODULE MAIN
OBJECT MODULE PLACED IN ..\Output\main.obj
COMPILER INVOKED BY: D:\Program Files (x86)\keil\C51\BIN\C51.EXE ..\User\main.c OPTIMIZE(8,SPEED) BROWSE INCDIR(..\User)
                    - DEBUG OBJECTEXTEND PRINT(..\Listing\main.lst) TABS(8) OBJECT(..\Output\main.obj)

line level    source

   1          #include <reg51.h>
   2          void daley(unsigned char);
   3          unsigned char Key_Scan(void);
   4          void key_catch(unsigned char keyValue);
   5          unsigned char ledValue = 0xfe;
   6          unsigned char flickerFlag = 0;
   7          int main()
   8          {
   9   1                      while(1)
  10   1                      {
  11   2                              
  12   2                      key_catch(Key_Scan());  //灯状态
  13   2                              P0=ledValue;
  14   2                              daley(5);
  15   2                              if (flickerFlag!=0)  //控制灯闪烁
  16   2                              {
  17   3                                      P0=0xff;
  18   3                                      daley(5);
  19   3                              }
  20   2                      }
  21   1      }
  22          void daley(unsigned char t)
  23                  {
  24   1                      unsigned char i,j;        //延迟函数
  25   1                      for (i=t;i>0;i--)
  26   1                      for (j=1000;j>0;j--);
  27   1              }
  28          
  29          unsigned char Key_Scan(void)            //捕捉按键值
  30          {
  31   1                      unsigned char keyValue = 0xff;
  32   1                      if(P2 != 0xff)
  33   1                      {
  34   2                                      daley(5);
  35   2                                      if(P2 != 0xff)
  36   2                                      {
  37   3                                                      keyValue = P2;
  38   3                                                      while(P2 != 0xff);
  39   3                                      }
  40   2                      }
  41   1                      return keyValue;
  42   1      }
  43          void key_catch(unsigned char keyValue)    //控制按键不同状态对应的不同情况
  44          {
  45   1              switch (keyValue)
  46   1              {
  47   2                      case (0xfe):
  48   2                              if (ledValue !=0x7f)
  49   2                              {
  50   3                                      ledValue=~((~ledValue)<<1);
  51   3                              };break;
  52   2                      
  53   2                      case (0xfd):
  54   2                      flickerFlag=~flickerFlag;
C51 COMPILER V9.56.0.0   MAIN                                                              10/03/2017 13:37:35 PAGE 2   

  55   2                              daley (1);break;
  56   2                      
  57   2                      case (0xfb):
  58   2                      if (ledValue !=0xfe)
  59   2                      {
  60   3                      ledValue=~((~ledValue)>>1);
  61   3                      };break;
  62   2              }
  63   1      }


MODULE INFORMATION:   STATIC OVERLAYABLE
   CODE SIZE        =    117    ----
   CONSTANT SIZE    =   ----    ----
   XDATA SIZE       =   ----    ----
   PDATA SIZE       =   ----    ----
   DATA SIZE        =      2    ----
   IDATA SIZE       =   ----    ----
   BIT SIZE         =   ----    ----
END OF MODULE INFORMATION.


C51 COMPILATION COMPLETE.  0 WARNING(S),  0 ERROR(S)
