C51 COMPILER V9.56.0.0   MAIN                                                              10/14/2017 20:40:33 PAGE 1   


C51 COMPILER V9.56.0.0, COMPILATION OF MODULE MAIN
OBJECT MODULE PLACED IN ..\Output\main.obj
COMPILER INVOKED BY: D:\Program Files (x86)\keil\C51\BIN\C51.EXE ..\User\main.c OPTIMIZE(8,SPEED) BROWSE INCDIR(..\User)
                    - DEBUG OBJECTEXTEND PRINT(..\Listing\main.lst) TABS(8) OBJECT(..\Output\main.obj)

line level    source

   1          #include <reg51.h>
   2          #define u8 unsigned char
   3          u8 Xianshi[10]={0x3f,0x06,0x5b,0x4f,0x66,0x6d,0x7d,0x07,0x7f,0x6f};             //0.1.2.3.4.5.6..7.8.9
   4          u8 Weixuan[2]={0xfe,0xfd};                                                      //开启第一位或者第二位
   5          u8 c[2]={5,0};                                                                      //初始50
   6          sbit key = P2^1;
   7          sbit key1 = P2^2;
   8          sbit key2 = P2^3;
   9          sbit key3 = P2^4;
  10          sbit zhuan = P2^0;
  11          sbit zhuan1 = P2^6;
  12          int i,j,t,num,k=0;
  13          void delay(int t);
  14          void gongneng();
  15          void dengliang();
  16          void jia();
  17          void jian();
  18          void zhuanji();
  19          u8 pinlv();
  20          int main ()
  21          {
  22   1             IT0=1;
  23   1             IE = 0x81;
  24   1              num=50;
  25   1              P2==0xff;
*** WARNING C275 IN LINE 25 OF ..\User\main.c: expression with possibly no effect
  26   1              while(1)
  27   1              {
  28   2                      dengliang();
  29   2                      zhuanji();
  30   2              }
  31   1      }
  32          
  33          void gongneng()
  34          {
  35   1              if ( key==0||key1 ==0||key2==0||key3==0)
  36   1              {
  37   2                      delay(1);
  38   2                      {
  39   3                              if (key==0)
  40   3                              {
  41   4                                      if(k==0)
  42   4                                      {
  43   5                                      zhuan=~zhuan;
  44   5                                              k=~k;
  45   5                                      }
  46   4                                      else if(k!=0)
  47   4                                      {
  48   5                                              zhuan=zhuan1=1;
  49   5                                              k=~k;
  50   5                                      }
  51   4                              }
  52   3                              else if ((zhuan==1&&zhuan1==0||zhuan==0&&zhuan1==1)&&key1==0)
  53   3                              {
C51 COMPILER V9.56.0.0   MAIN                                                              10/14/2017 20:40:33 PAGE 2   

  54   4                                      zhuan = ~zhuan;
  55   4                                      zhuan1 = ~zhuan1;
  56   4                              }
  57   3                              else if ((zhuan==1&&zhuan1==0||zhuan==0&&zhuan1==1)&&key2==0)
  58   3                              {
  59   4                                              if(num<=96)
  60   4                                              {
  61   5                                                      num+=3;
  62   5                                              }
  63   4                                              if(num>96)
  64   4                                              {
  65   5                                                      num=num;
  66   5                                              }
  67   4                                              jia();
  68   4                              }
  69   3                              else if ((zhuan==1&&zhuan1==0||zhuan==0&&zhuan1==1)&&key3==0)
  70   3                              {
  71   4                                              if(num>=5)
  72   4                                              {
  73   5                                              num-=5;
  74   5                                              }
  75   4                                              if(num<5)
  76   4                                              {
  77   5                                                      num=num;
  78   5                                              }
  79   4                                              jian();
  80   4                              }
  81   3                      }
  82   2              }
  83   1      }
  84          
  85          
  86          void zhuanji ()
  87          {
  88   1              if(zhuan==1&&zhuan1!=1)
  89   1              {
  90   2                              j=100-num;
  91   2                      for(i=j;i>=0;i--)
  92   2                      {
  93   3                              delay(2);
  94   3                      }
  95   2                              P2=0xff;
  96   2                      for(i=j;i>0;i--)
  97   2                      {
  98   3                              delay(2);
  99   3                      }
 100   2                              zhuan1=0;
 101   2              }
 102   1              if(zhuan1==1&&zhuan!=1)
 103   1              {
 104   2                      for(i=num;i>=0;i--)
 105   2                      {
 106   3                              delay(2);
 107   3                      }
 108   2                              j=100-num;
 109   2                              P2=0xff;
 110   2                      for(i=j;i>0;i--)
 111   2                      {
 112   3                              delay(2);
 113   3                      }
 114   2                              zhuan=0;
 115   2              }
C51 COMPILER V9.56.0.0   MAIN                                                              10/14/2017 20:40:33 PAGE 3   

 116   1      }
 117          
 118          void dengliang()
 119          {
 120   1              for(j=10;j>0;j--)
 121   1                   {
 122   2                          for(i=0;i<2;i++)
 123   2                         {
 124   3                                      P1=Weixuan[i];
 125   3                                      P0=Xianshi[c[i]];
 126   3                                      delay(50);
 127   3                         }
 128   2                  }
 129   1      }
 130          
 131          void jia()                                                //加函数
 132          {
 133   1              if(c[0]<9)
 134   1              {
 135   2                      c[1]=c[1]+3;
 136   2                      if(c[1]>9)
 137   2                      {
 138   3                              c[1]=c[1]-10;
 139   3                              c[0]=c[0]+1;
 140   3                      }
 141   2              }
 142   1              if(c[0]>=9)
 143   1              {
 144   2              c[0]=9;
 145   2                      if(c[1]>=9)
 146   2                      {
 147   3                              c[1]=9;
 148   3                      }
 149   2                      if(c[1]<7)
 150   2                      {
 151   3                              c[1]=c[1]+3;
 152   3                      }
 153   2              }
 154   1      }
 155          
 156          void jian()                                                //减函数
 157          {
 158   1              if(c[1]>=5)
 159   1              {
 160   2                      c[1]=c[1]-5;
 161   2              }
 162   1              else if(c[1]<5&&c[1]>=0)
 163   1              {
 164   2                      if(c[0]==0)
 165   2                      {
 166   3                              c[1]=c[1];
 167   3                              c[0]=0;
 168   3                      }
 169   2                      else
 170   2                      {
 171   3                              c[1]=c[1]+5;
 172   3                              c[0]=c[0]-1;
 173   3                      }
 174   2              }
 175   1      }
 176          
 177          void delay(int t)
C51 COMPILER V9.56.0.0   MAIN                                                              10/14/2017 20:40:33 PAGE 4   

 178          {
 179   1              int i,j;
 180   1              for (i=t;i>0;i--)
 181   1                      for (j=10;j>0;j--);
 182   1      }
 183          
 184          
 185          void INT0_Handler() interrupt 0
 186          {
 187   1              gongneng();
 188   1      }


MODULE INFORMATION:   STATIC OVERLAYABLE
   CODE SIZE        =    645    ----
   CONSTANT SIZE    =   ----    ----
   XDATA SIZE       =   ----    ----
   PDATA SIZE       =   ----    ----
   DATA SIZE        =     24    ----
   IDATA SIZE       =   ----    ----
   BIT SIZE         =   ----    ----
END OF MODULE INFORMATION.


C51 COMPILATION COMPLETE.  1 WARNING(S),  0 ERROR(S)
