C51 COMPILER V9.56.0.0   MAIN                                                              10/04/2017 17:03:54 PAGE 1   


C51 COMPILER V9.56.0.0, COMPILATION OF MODULE MAIN
OBJECT MODULE PLACED IN ..\Output\main.obj
COMPILER INVOKED BY: D:\Program Files (x86)\keil\C51\BIN\C51.EXE ..\User\main.c OPTIMIZE(8,SPEED) BROWSE INCDIR(..\User)
                    - DEBUG OBJECTEXTEND PRINT(..\Listing\main.lst) TABS(8) OBJECT(..\Output\main.obj)

line level    source

   1          #include <reg51.h>
   2          #define u8 unsigned char
   3          u8 SegCode[10] = {0x3F, 0x06, 0x5B, 0x4F, 0x66, 0x6D, 0x7D, 0x07, 0x7F, 0x6F};
   4          u8 KK[6]={0xfe,0xfd,0xfb,0xf7,0xef,0xdf};
   5          u8 WW[6]={4,5,8,3,9,6};
   6          void delay (int t);
   7          int main ()
   8          {
   9   1              int i;
  10   1              while(1)
  11   1              {
  12   2                      int b=0;
  13   2                              for(i=0;i<6;i++)
  14   2                      {
  15   3                              P1 = KK[b];//段选要放在位选前面
  16   3                              switch(P1)
  17   3                              {
  18   4                                      case(0xfd):
  19   4                                      case(0xf7):
  20   4                                      {
  21   5                                              P0 = SegCode[WW[b]];
  22   5                                              P0 = 0x80^P0;
  23   5                                              b++;
  24   5                                              delay(1);
  25   5                                      };break;
  26   4                                      
  27   4                                      case(0xfe):
  28   4                                      case(0xfb):
  29   4                                      case(0xef):
  30   4                                      case(0xdf):
  31   4                                      {
  32   5                                              P0 = SegCode[WW[b]];
  33   5                                              b++;
  34   5                                              delay(1);
  35   5                                      };break;
  36   4                              }
  37   3                      }
  38   2              }
  39   1      
  40   1      }
  41          void delay(int t)
  42          {
  43   1      int i, j;
  44   1      for(i = t; i > 0; i--)
  45   1      for(j = 1000; j > 0; j--);
  46   1      }


MODULE INFORMATION:   STATIC OVERLAYABLE
   CODE SIZE        =    148    ----
   CONSTANT SIZE    =   ----    ----
   XDATA SIZE       =   ----    ----
   PDATA SIZE       =   ----    ----
   DATA SIZE        =     22       4
C51 COMPILER V9.56.0.0   MAIN                                                              10/04/2017 17:03:54 PAGE 2   

   IDATA SIZE       =   ----    ----
   BIT SIZE         =   ----    ----
END OF MODULE INFORMATION.


C51 COMPILATION COMPLETE.  0 WARNING(S),  0 ERROR(S)
