C51 COMPILER V9.56.0.0   MAIN                                                              10/04/2017 16:11:55 PAGE 1   


C51 COMPILER V9.56.0.0, COMPILATION OF MODULE MAIN
OBJECT MODULE PLACED IN ..\Output\main.obj
COMPILER INVOKED BY: D:\Program Files (x86)\keil\C51\BIN\C51.EXE ..\User\main.c OPTIMIZE(8,SPEED) BROWSE INCDIR(..\User)
                    - DEBUG OBJECTEXTEND PRINT(..\Listing\main.lst) TABS(8) OBJECT(..\Output\main.obj)

line level    source

   1          #include <reg51.h>
   2          #define u8 unsigned char
   3          u8 SegCode[10] = {0x3F, 0x06, 0x5B, 0x4F, 0x66, 0x6D, 0x7D, 0x07, 0x7F, 0x6F};
   4          u8 KK[10]={0xfe,0xfd,0xfb,0xf7,0xef,0xdf};
   5          void delay (int t);
   6          int main ()
   7          {
   8   1              int i;
   9   1              while(1)
  10   1              {
  11   2                      int a=1;
  12   2                              for(i=0;i<6;i++)
  13   2                      {
  14   3                              P1 = KK[i];//段选要放在位选前面
  15   3                              P0 = SegCode[a];
  16   3                              a++;
  17   3                      delay(1);
  18   3                      }
  19   2              }
  20   1      
  21   1      }
  22          void delay(int t)
  23          {
  24   1      int i, j;
  25   1      for(i = t; i > 0; i--)
  26   1      for(j = 1000; j > 0; j--);
  27   1      }


MODULE INFORMATION:   STATIC OVERLAYABLE
   CODE SIZE        =     95    ----
   CONSTANT SIZE    =   ----    ----
   XDATA SIZE       =   ----    ----
   PDATA SIZE       =   ----    ----
   DATA SIZE        =     20       4
   IDATA SIZE       =   ----    ----
   BIT SIZE         =   ----    ----
END OF MODULE INFORMATION.


C51 COMPILATION COMPLETE.  0 WARNING(S),  0 ERROR(S)
