C51 COMPILER V9.56.0.0   MAIN                                                              10/07/2017 14:16:27 PAGE 1   


C51 COMPILER V9.56.0.0, COMPILATION OF MODULE MAIN
OBJECT MODULE PLACED IN ..\Output\main.obj
COMPILER INVOKED BY: D:\Program Files (x86)\keil\C51\BIN\C51.EXE ..\User\main.c OPTIMIZE(8,SPEED) BROWSE INCDIR(..\User)
                    - DEBUG OBJECTEXTEND PRINT(..\Listing\main.lst) TABS(8) OBJECT(..\Output\main.obj)

line level    source

   1          #include <reg51.h>
   2          #define u8 unsigned char
   3          u8 SegCode[10]={0x3f,0x06,0x5b,0x4f,0x66,0x6d,0x7d,0x07,0x7f,0x6f};
   4          u8 KK[6]={0xfe,0xfd,0xfb,0xf7,0xef,0xdf};
   5          u8 c[6]={2,3,5,9,5,0};
   6          void miedeng();
   7          void dengliang();
   8          void delay(int t);
   9          void yiwei();
  10          void xiaoshi();
  11          void fenzhong();
  12          void jia();
  13          void jian();
  14          char flag=0;
  15          int i,j=0;
  16          u8 num=0;u8 a;
  17          int main ()
  18          {
  19   1              IT0=1;
  20   1              TMOD = 0x10;
  21   1              TH1 = 0x0b;
  22   1              TL1 = 0xdc;
  23   1              IE = 0x89;
  24   1              TR1 = 1;
  25   1              while(1)
  26   1              {
  27   2                      dengliang();
  28   2                      miedeng();
  29   2              
  30   2              }
  31   1      }
  32          
  33          
  34          int key_press(void)                     //捕获按键函数
  35          {
  36   1             char key=0xff;
  37   1             int i=0;
  38   1             if(P2!=0xff)
  39   1             {
  40   2                    delay(1);
  41   2                    if(P2!=0xff)
  42   2                    {
  43   3                           key=P2;
  44   3                           while((i<20)&&(P2!=0xff))
  45   3                           {
  46   4                                  i++;
  47   4                                  delay(1);
  48   4                           }
  49   3                    }
  50   2             }
  51   1             return key;
  52   1      }
  53          
  54          void key_control(char key)                      //控制按键不同状态对应的不同情况
C51 COMPILER V9.56.0.0   MAIN                                                              10/07/2017 14:16:27 PAGE 2   

  55          {
  56   1              switch (key)
  57   1              {
  58   2                      case (0xfe):                                    //移位
  59   2                      {
  60   3                              yiwei();
  61   3                      };
  62   2                      break;
  63   2                      
  64   2                      case (0xfd):                                    //闪烁
  65   2                      flag=~flag;
  66   2                      break;
  67   2                      
  68   2                      case (0xfb):                                    //加
  69   2                      if(flag !=0)
  70   2                      {
  71   3                              jia();
  72   3                      };break;
  73   2                      
  74   2                      case (0xf7):                            //减
  75   2                      if(flag !=0)
  76   2                      {
  77   3                              jian();
  78   3                      };break;
  79   2              }
  80   1      }
  81          
  82          void miedeng ()                 //灭灯函数
  83          {
  84   1                      if(flag != 0)
  85   1                      {
  86   2                              for(j=10;j>0;j--)
  87   2                              {
  88   3                                      for(i=0;i<6;i++)
  89   3                                              {
  90   4                                                      if (i ==num)
  91   4                                                      { 
  92   5                                                              P1=0xff;
  93   5                                                              delay(1);
  94   5                                                      }
  95   4                                                      else
  96   4                                                      {
  97   5                                                              if(i==1||i==3)
  98   5                                                              {
  99   6                                                                      P1=KK[i];
 100   6                                                                      P0= SegCode[c[i]]|0x80;
 101   6                                                                      delay(1);
 102   6                                                              }
 103   5                                                              else
 104   5                                                              {
 105   6                                                                      P1=KK[i];
 106   6                                                                      P0=SegCode[c[i]];
 107   6                                                                      delay(1);
 108   6                                                              }
 109   5                                                      }
 110   4                                              }
 111   3                              }
 112   2                      }
 113   1      }
 114          
 115          void dengliang()                        //亮灯函数
 116          {
C51 COMPILER V9.56.0.0   MAIN                                                              10/07/2017 14:16:27 PAGE 3   

 117   1              for(j=10;j>0;j--)
 118   1                   {
 119   2                          for(i=0;i<6;i++)
 120   2                         { 
 121   3                                if(i==1||i==3)
 122   3                                {
 123   4                                       P1=KK[i];
 124   4                                       P0= SegCode[c[i]]|0x80;
 125   4                                       delay(1);
 126   4                                }
 127   3                                else
 128   3                                {
 129   4                                       P1=KK[i];
 130   4                                       P0=SegCode[c[i]];
 131   4                                       delay(1);
 132   4                                }
 133   3                         }
 134   2                  }
 135   1      }
 136          
 137          void xiaoshi()                          //调整小时函数
 138                  {        
 139   1                      if (c[0]==0||c[0]==1)
 140   1                      {
 141   2                                      c[1]+=1;
 142   2                                      if(c[1]>=10)
 143   2                                      {
 144   3                                      c[1]=0;
 145   3                                      c[0]=c[0]+1;
 146   3                                      }
 147   2                      }
 148   1                      else if (c[0]==2)
 149   1                      {
 150   2                                      c[1]+=1;
 151   2                                      if(c[1]>3)
 152   2                                      {
 153   3                                      c[1]=0;
 154   3                                      c[0]=0;
 155   3                                      }
 156   2                      }
 157   1              }
 158          
 159          void fenzhong()                         //调整分钟函数
 160                  {
 161   1                      c[3]+=1;
 162   1                      if(c[3]>=10)
 163   1                      {
 164   2                              c[3]=0;
 165   2                              c[2]=c[2]+1;
 166   2                              if (c[2]>=6)
 167   2                              {
 168   3                                      c[2]=0;
 169   3                                      xiaoshi();
 170   3                              }
 171   2                      }
 172   1              }
 173                  
 174          void yiwei()                            //移位函数
 175          {
 176   1                      if(flag !=0)
 177   1                      {
 178   2                              num+=1;
C51 COMPILER V9.56.0.0   MAIN                                                              10/07/2017 14:16:27 PAGE 4   

 179   2                              if (num>=6)
 180   2                              {
 181   3                                      num=num-6;
 182   3                              }
 183   2                      }
 184   1      }
 185          
 186          void jia()                              //加函数
 187          {
 188   1                      switch(num)
 189   1                      {
 190   2                              case(0):                        //第一位
 191   2                              {
 192   3                                      c[num]+=1;
 193   3                                      if(c[num]>=3)
 194   3                                      {
 195   4                                              c[num]=0;
 196   4                                      }
 197   3                              };break;
 198   2                              
 199   2                              case(1):                        //第二位
 200   2                              {
 201   3                                      if (c[0]==0||c[0]==1)
 202   3                                      {
 203   4                                              c[num]+=1;
 204   4                                              if(c[num]>=10)
 205   4                                              {
 206   5                                                      c[num]=0;
 207   5                                                      c[num-1]=c[num-1]+1;
 208   5                                              }
 209   4                                      }
 210   3                                      else if (c[0]==2)
 211   3                                      {
 212   4                                              c[num]+=1;
 213   4                                              if(c[num]>3)
 214   4                                              {
 215   5                                                      c[num]=0;
 216   5                                                      c[num-1]=0;
 217   5                                                      
 218   5                                              }
 219   4                                      };
 220   3                              };break;
 221   2                              
 222   2                              case(2):                        //第三位
 223   2                              {
 224   3                                      c[num]+=1;
 225   3                                      if(c[num]>=6)
 226   3                                      {
 227   4                                              c[num]=0;
 228   4                                      }
 229   3                              };break;
 230   2                              
 231   2                              
 232   2                              case(3):                        //第四位
 233   2                              {
 234   3                                      c[num]+=1;
 235   3                                      if(c[num]>=10)
 236   3                                      {
 237   4                                              c[num]=0;
 238   4                                              c[num-1]=c[num-1]+1;
 239   4                                              if (c[num-1]>=6)
 240   4                                              { 
C51 COMPILER V9.56.0.0   MAIN                                                              10/07/2017 14:16:27 PAGE 5   

 241   5                                                      c[num-1]=0;
 242   5                                                      xiaoshi();
 243   5                                              }
 244   4                                      }
 245   3                              };break;
 246   2                              
 247   2                              
 248   2                              case(4):                        //第五位
 249   2                              {
 250   3                                      c[num]+=1;
 251   3                                      if(c[num]>=6)
 252   3                                      {
 253   4                                              c[num]=0;
 254   4                                      }
 255   3                              };break;
 256   2                              
 257   2                              case(5):                        //第六位
 258   2                              {
 259   3                                      c[num]+=1;
 260   3                                      if(c[num]>=10)
 261   3                                      {
 262   4                                              c[num]=0;
 263   4                                              c[num-1]=c[num-1]+1;
 264   4                                              if (c[num-1]>=6)
 265   4                                              {
 266   5                                                      c[num-1]=0;
 267   5                                                      fenzhong();
 268   5                                              }
 269   4                                              
 270   4                                      }
 271   3                              };break;
 272   2                      }
 273   1      }
 274          
 275          void jian()                             //减函数   减到0停止
 276          {
 277   1                      if(c[num]>=1&&c[num]<10)
 278   1                      {
 279   2                              if (num ==0||num==1||num==2||num==3||num==4||num==5)
 280   2                              {
 281   3                                      c[num]=c[num]-1;
 282   3                              }
 283   2                      }
 284   1                      else
 285   1                      c[num]=0;
 286   1      }
 287          
 288          void delay(int t)               //延迟函数
 289          {
 290   1             int i,j;
 291   1             for(i=t;i>0;i--)
 292   1             for(j=1000;j>0;j--);
 293   1      }
 294          
 295          
 296          void INT0_Handler() interrupt 0         //外部中断
 297          {
 298   1             key_control(key_press());
 299   1              c[5]=0;
 300   1      }
 301          
 302          void TIM0_Handler() interrupt 3         //定时器中断
C51 COMPILER V9.56.0.0   MAIN                                                              10/07/2017 14:16:27 PAGE 6   

 303          {
 304   1              TR1 = 0;
 305   1              TH1 = 0x0b;
 306   1              TL1 = 0xdc;
 307   1              TR1 = 1;
 308   1              a++;
 309   1              if(a >= 16)
 310   1              {
 311   2                      if (flag==0)
 312   2                      {
 313   3                      a = 0;
 314   3                      num=5;
 315   3                      jia();
 316   3                      }
 317   2              }
 318   1      }


MODULE INFORMATION:   STATIC OVERLAYABLE
   CODE SIZE        =    932    ----
   CONSTANT SIZE    =   ----    ----
   XDATA SIZE       =   ----    ----
   PDATA SIZE       =   ----    ----
   DATA SIZE        =     29       3
   IDATA SIZE       =   ----    ----
   BIT SIZE         =   ----    ----
END OF MODULE INFORMATION.


C51 COMPILATION COMPLETE.  0 WARNING(S),  0 ERROR(S)
