C51 COMPILER V9.56.0.0   WEI                                                               09/30/2017 20:59:46 PAGE 1   


C51 COMPILER V9.56.0.0, COMPILATION OF MODULE WEI
OBJECT MODULE PLACED IN .\Objects\wei.obj
COMPILER INVOKED BY: D:\Program Files (x86)\keil\C51\BIN\C51.EXE ..\wei\wei.c OPTIMIZE(8,SPEED) BROWSE DEBUG OBJECTEXTEN
                    -D PRINT(.\Listings\wei.lst) TABS(2) OBJECT(.\Objects\wei.obj)

line level    source

   1          #include <reg51.h>
   2          sbit led =P0^0;
   3          sbit led1 =P0^2;
   4          sbit led2 =P0^4;
   5          sbit led3 =P0^6;
   6          sbit led5 =P0^1;
   7          int main()
   8          {  int i;
   9   1        while (1)
  10   1        {led =0;         //Î»²Ù×÷   µãÁÁ
  11   2        for (i=100;i>0;i--);
  12   2          led =1; 
  13   2          for (i=100;i>0;i--);
  14   2        led1 =0;
  15   2          for (i=100;i>0;i--);
  16   2          led1=1;
  17   2          for (i=100;i>0;i--);
  18   2        led2 =0;
  19   2          for (i=100;i>0;i--);
  20   2          led2=1;
  21   2          for (i=100;i>0;i--);
  22   2        led3 =0;
  23   2          for (i=100;i>0;i--);
  24   2          led3=1;
  25   2          for (i=100;i>0;i--);}  //Ï¨Ãð
  26   1        
  27   1        
  28   1        
  29   1        
  30   1      }


MODULE INFORMATION:   STATIC OVERLAYABLE
   CODE SIZE        =    129    ----
   CONSTANT SIZE    =   ----    ----
   XDATA SIZE       =   ----    ----
   PDATA SIZE       =   ----    ----
   DATA SIZE        =   ----    ----
   IDATA SIZE       =   ----    ----
   BIT SIZE         =   ----    ----
END OF MODULE INFORMATION.


C51 COMPILATION COMPLETE.  0 WARNING(S),  0 ERROR(S)
