C51 COMPILER V9.56.0.0   ZONGXIAN                                                          09/30/2017 20:59:47 PAGE 1   


C51 COMPILER V9.56.0.0, COMPILATION OF MODULE ZONGXIAN
OBJECT MODULE PLACED IN .\Objects\zongxian.obj
COMPILER INVOKED BY: D:\Program Files (x86)\keil\C51\BIN\C51.EXE zongxian.c OPTIMIZE(8,SPEED) BROWSE DEBUG OBJECTEXTEND 
                    -PRINT(.\Listings\zongxian.lst) TABS(2) OBJECT(.\Objects\zongxian.obj)

line level    source

   1          #include "reg51.h"
   2          int main(void)
   3          {
   4   1        int i;
   5   1        while(1)
   6   1        { P0 = 10101010;
   7   2        for (i=1000000;i>0;i--);
   8   2          P0 = 11111111;
   9   2        for (i=1000000;i>0;i--);
  10   2        }
  11   1          ;
  12   1        
  13   1      }


MODULE INFORMATION:   STATIC OVERLAYABLE
   CODE SIZE        =     41    ----
   CONSTANT SIZE    =   ----    ----
   XDATA SIZE       =   ----    ----
   PDATA SIZE       =   ----    ----
   DATA SIZE        =   ----    ----
   IDATA SIZE       =   ----    ----
   BIT SIZE         =   ----    ----
END OF MODULE INFORMATION.


C51 COMPILATION COMPLETE.  0 WARNING(S),  0 ERROR(S)
