C51 COMPILER V9.56.0.0   MAIN                                                              10/17/2017 17:40:10 PAGE 1   


C51 COMPILER V9.56.0.0, COMPILATION OF MODULE MAIN
OBJECT MODULE PLACED IN ..\Output\main.obj
COMPILER INVOKED BY: D:\Program Files (x86)\keil\C51\BIN\C51.EXE ..\User\main.c OPTIMIZE(8,SPEED) BROWSE INCDIR(..\User)
                    - DEBUG OBJECTEXTEND PRINT(..\Listing\main.lst) TABS(8) OBJECT(..\Output\main.obj)

line level    source

   1          #include "reg51.h"
   2          void delay()
   3          {
   4   1              int a;
   5   1              for (a=10000;a>0;a--);
   6   1      }
   7                  
   8          int main()
   9          {
  10   1                      int m;
  11   1                      while(1)
  12   1                      {       
  13   2                                              P0 = 0xFE;
  14   2                                              delay();
  15   2                                                                              for(m=1;m<8;m++)
  16   2                                                                                                      {       
  17   3                                                                                                                              P0 = ~P0;  
  18   3                                                                                                                              P0 = P0 << 1;
  19   3                                                                                                                              P0 = ~P0;       
  20   3                                                                                                                              delay();
  21   3                                                                                                      }
  22   2                      }
  23   1      }


MODULE INFORMATION:   STATIC OVERLAYABLE
   CODE SIZE        =     52    ----
   CONSTANT SIZE    =   ----    ----
   XDATA SIZE       =   ----    ----
   PDATA SIZE       =   ----    ----
   DATA SIZE        =   ----    ----
   IDATA SIZE       =   ----    ----
   BIT SIZE         =   ----    ----
END OF MODULE INFORMATION.


C51 COMPILATION COMPLETE.  0 WARNING(S),  0 ERROR(S)
