C51 COMPILER V9.56.0.0   MAIN                                                              10/02/2017 21:24:56 PAGE 1   


C51 COMPILER V9.56.0.0, COMPILATION OF MODULE MAIN
OBJECT MODULE PLACED IN ..\Output\main.obj
COMPILER INVOKED BY: D:\Program Files (x86)\keil\C51\BIN\C51.EXE ..\User\main.c OPTIMIZE(8,SPEED) BROWSE INCDIR(..\User)
                    - DEBUG OBJECTEXTEND PRINT(..\Listing\main.lst) TABS(8) OBJECT(..\Output\main.obj)

line level    source

   1          #include <reg51.h>
   2          void daley(int);
   3          int Key_Scan(void);
   4          void key_catch(int keyValue);
   5          int ledValue = 0x01;
   6          int flickerFlag = 0;
   7          int main()
   8          {
   9   1              IT0 = 1;
  10   1              IE = 0x81;
  11   1                      while(1)
  12   1                      {
  13   2                                      key_catch(Key_Scan());
  14   2                                      P1 = ledValue;
  15   2                                      daley(5);
  16   2                                      if(flickerFlag != 0)
  17   2                                      {
  18   3                                      P1 = 0x00;
  19   3                                      daley(5);
  20   3                                      }
  21   2                      }
  22   1      }
  23          
  24          void daley(t)
  25                  {
  26   1                      int i,j;
  27   1                      for (i=t;i>0;i--)
  28   1                      for (j=1000;j>0;j--);
  29   1              }
  30          int Key_Scan(void)
  31          {
  32   1                      int keyValue = 0x00;
  33   1                      if(P2 != 0xff)
  34   1                      {
  35   2                                      daley(1);
  36   2                                      if(P2 != 0xff)
  37   2                                      {
  38   3                                                      keyValue = P2;
  39   3                                                      while(P2 != 0xff)
  40   3                                                      {
  41   4                                                                      daley(1);
  42   4                                                      }
  43   3                                      }
  44   2                      }
  45   1                      return keyValue;
  46   1      }
  47          void key_catch(int keyValue)
  48          {
  49   1              switch(keyValue)
  50   1              {
  51   2                      case(0xfe):
  52   2                      if(ledValue != 0x01)
  53   2                      {
  54   3                              ledValue = ((ledValue) >> 1);
C51 COMPILER V9.56.0.0   MAIN                                                              10/02/2017 21:24:56 PAGE 2   

  55   3                      }
  56   2                      break;
  57   2                                      case(0xfd):
  58   2                                              flickerFlag = ~flickerFlag;
  59   2                                      break;
  60   2                                                      case(0xfb):
  61   2                                                      if(ledValue != 0x80)
  62   2                                                      {
  63   3                                                              ledValue = ((ledValue) << 1);
  64   3                                                      }
  65   2                                                      break;
  66   2              }
  67   1      }


MODULE INFORMATION:   STATIC OVERLAYABLE
   CODE SIZE        =    176    ----
   CONSTANT SIZE    =   ----    ----
   XDATA SIZE       =   ----    ----
   PDATA SIZE       =   ----    ----
   DATA SIZE        =      4    ----
   IDATA SIZE       =   ----    ----
   BIT SIZE         =   ----    ----
END OF MODULE INFORMATION.


C51 COMPILATION COMPLETE.  0 WARNING(S),  0 ERROR(S)
