C51 COMPILER V9.56.0.0   MAIN                                                              10/01/2017 18:13:22 PAGE 1   


C51 COMPILER V9.56.0.0, COMPILATION OF MODULE MAIN
OBJECT MODULE PLACED IN ..\Output\main.obj
COMPILER INVOKED BY: D:\Program Files (x86)\keil\C51\BIN\C51.EXE ..\User\main.c OPTIMIZE(8,SPEED) BROWSE INCDIR(..\User)
                    - DEBUG OBJECTEXTEND PRINT(..\Listing\main.lst) TABS(2) OBJECT(..\Output\main.obj)

line level    source

   1          #include "reg51.h"
   2          int i;
   3          int main()
   4          {
   5   1              P0=0xFF;
   6   1              while(1)
   7   1              {
   8   2                        if( 0xFE == P2) 
   9   2                        {
  10   3                                  for(i = 100; i > 0; i--);
  11   3                                  if(0xFE== P2)
  12   3                                  {
  13   4                                          P0=P0^0xFE;
  14   4                                          P0=~P0;
  15   4                                  }
  16   3                                  while(0xFE == P2); 
  17   3                          }
  18   2                      
  19   2                                        if(0xFD== P2) 
  20   2                                        {
  21   3                                            for(i = 100; i > 0; i--);
  22   3                                              if(0xFD== P2)
  23   3                                                {
  24   4                                                        P0=P0^0xFD;
  25   4                                                        P0=~P0;
  26   4                                                }
  27   3                                            while(0xFD== P2); 
  28   3                                        }
  29   2                                        
  30   2                                                          if(0xFB == P2) 
  31   2                                                          {
  32   3                                                              for(i = 100; i > 0; i--);
  33   3                                                                if(0xFB== P2)
  34   3                                                                  {
  35   4                                                                          P0=P0^0xFB;
  36   4                                                                          P0=~P0;
  37   4                                                                  }
  38   3                                                              while(0xFB== P2);
  39   3      
  40   3                                                          }
  41   2                                                          
  42   2                                                                      if(0xF7 == P2) 
  43   2                                                                      {
  44   3                                                                          for(i = 100; i > 0; i--);
  45   3                                                                            if(0xF7== P2)
  46   3                                                                              {
  47   4                                                                                      P0=P0^0xF7;
  48   4                                                                                      P0=~P0;
  49   4                                                                              }
  50   3                                                                          while(0xF7== P2);
  51   3                                                                      }
  52   2                                                                  
  53   2                                                                                      if(0xEF== P2) 
  54   2                                                                                      {
C51 COMPILER V9.56.0.0   MAIN                                                              10/01/2017 18:13:22 PAGE 2   

  55   3                                                                                          for(i = 100; i > 0; i--);
  56   3                                                                                            if(0xEF == P2)
  57   3                                                                                              {
  58   4                                                                                                      P0=P0^0xEF;
  59   4                                                                                                      P0=~P0;
  60   4                                                                                              }
  61   3                                                                                          while(0xEF == P2);
  62   3                                                                                      }
  63   2                                                                                      
  64   2                                                                        if(0xDF == P2) 
  65   2                                                                        {
  66   3                                                                            for(i = 100; i > 0; i--);
  67   3                                                                              if(0xDF== P2)
  68   3                                                                                {
  69   4                                                                                        P0=P0^0xDF;
  70   4                                                                                        P0=~P0;
  71   4                                                                                }
  72   3                                                                            while(0xDF == P2);
  73   3                                                                        }
  74   2                                                                                                            
  75   2                                                if(0xBF== P2) 
  76   2                                                {
  77   3                                                    for(i = 100; i > 0; i--);
  78   3                                                      if(0xBF == P2)
  79   3                                                        {
  80   4                                                                P0=P0^0xBF;
  81   4                                                                P0=~P0;
  82   4                                                        }
  83   3                                                    while(0xBF == P2);
  84   3                                                }
  85   2                                              
  86   2                      if(0x7F == P2) 
  87   2                      {
  88   3                          for(i = 100; i > 0; i--);
  89   3                            if(0x7F== P2)
  90   3                              {
  91   4                                      P0=P0^0x7F;
  92   4                                      P0=~P0;
  93   4                              }
  94   3                          while(0x7F == P2);
  95   3      
  96   3                      }
  97   2      
  98   2              }
  99   1      }


MODULE INFORMATION:   STATIC OVERLAYABLE
   CODE SIZE        =    347    ----
   CONSTANT SIZE    =   ----    ----
   XDATA SIZE       =   ----    ----
   PDATA SIZE       =   ----    ----
   DATA SIZE        =      2    ----
   IDATA SIZE       =   ----    ----
   BIT SIZE         =   ----    ----
END OF MODULE INFORMATION.


C51 COMPILATION COMPLETE.  0 WARNING(S),  0 ERROR(S)
