C51 COMPILER V9.56.0.0   BSP_DELAY                                                         10/29/2017 22:10:09 PAGE 1   


C51 COMPILER V9.56.0.0, COMPILATION OF MODULE BSP_DELAY
OBJECT MODULE PLACED IN ..\Output\bsp_delay.obj
COMPILER INVOKED BY: D:\Program Files (x86)\keil\C51\BIN\C51.EXE ..\User\bsp_delay.c OPTIMIZE(8,SPEED) BROWSE INCDIR(..\
                    -User) DEBUG OBJECTEXTEND PRINT(..\Listing\bsp_delay.lst) TABS(8) OBJECT(..\Output\bsp_delay.obj)

line level    source

   1          #include "bsp_delay.h" 
   2          #include <reg52.h>
   3          void delay(u8 ms)
   4          {
   5   1              u8 temp;
   6   1              
   7   1              for( ms=10; ms > 0; ms--)
   8   1              {
   9   2                      for(temp = 200; temp > 0; temp--);
  10   2              }
  11   1      }


MODULE INFORMATION:   STATIC OVERLAYABLE
   CODE SIZE        =      9    ----
   CONSTANT SIZE    =   ----    ----
   XDATA SIZE       =   ----    ----
   PDATA SIZE       =   ----    ----
   DATA SIZE        =   ----    ----
   IDATA SIZE       =   ----    ----
   BIT SIZE         =   ----    ----
END OF MODULE INFORMATION.


C51 COMPILATION COMPLETE.  0 WARNING(S),  0 ERROR(S)
