C51 COMPILER V9.56.0.0   MAIN                                                              10/29/2017 22:10:09 PAGE 1   


C51 COMPILER V9.56.0.0, COMPILATION OF MODULE MAIN
OBJECT MODULE PLACED IN ..\Output\main.obj
COMPILER INVOKED BY: D:\Program Files (x86)\keil\C51\BIN\C51.EXE ..\User\main.c OPTIMIZE(8,SPEED) BROWSE INCDIR(..\User)
                    - DEBUG OBJECTEXTEND PRINT(..\Listing\main.lst) TABS(8) OBJECT(..\Output\main.obj)

line level    source

   1          #include <reg52.h>
   2          #include "bsp_key.h"
   3          #include "bsp_delay.h"
   4          sbit MA = P2^0; 
   5          sbit MB = P2^7; //电机的两个引脚 A 相和 B 相
   6          u8 shi=5,ge=0,duty_A=0,duty_B=1,i=0,location=50;
   7          /**  变量的定义
   8           *  @param shi       数码管显示占空比的十位 
   9           *  @param ge        数码管显示占空比的个位
  10           *  @param duty_A    A 相的电平状态 
  11           *  @param duty_B    B 相的电平状态
  12           *  @param i         定时器的计数值 PWM 波的周期
  13           *  @param location  占空比的值
  14          **/
  15          unsigned  char table[]={0x3f,0x06,0x5b,0x4f,0x66,0x6d,
  16                                  0x7d,0x07,0x7f,0x6f};//段选数组高电平有效  共阴数码管
  17          unsigned  char wei[]={0xff,0xfe,0xfd};  //位选数组（只用了两位就只写的三个）
  18          void main()
  19          {
  20   1              
  21   1              TMOD=0x01;      //确定定时器方式
  22   1              TH0=0xFC;       //赋初值
  23   1              TL0=0x18;       //赋初值
  24   1              TR0=1;          //开定时器
  25   1              IE = 0x83;      //使能外部中断0是定时器溢出中断0
  26   1              
  27   1              
  28   1              while(1)
  29   1              {
  30   2                      MA=duty_A;      //将电平的值赋给具体的引脚
  31   2                      MB=duty_B;      //将电平的值赋给具体的引脚
  32   2                      
  33   2                      P1=wei[1];      //动态扫描位选
  34   2                      P0=table[shi];  //动态扫描段选
  35   2                      delay(10);
  36   2                  
  37   2                      P1=wei[2];
  38   2                      P0=table[ge];
  39   2                      delay(10);
  40   2              }
  41   1      }
  42          /**
  43           * @brief   外部中断0
  44           * @retval  null  （中断一般不需要返回值）
  45           */
  46          void INT0_Handler()  interrupt 0
  47          {
  48   1              key_scan();
  49   1      }
  50          /**
  51           * @brief   定时器溢出中断0
  52           * @retval  null  （中断一般不需要返回值）
  53           */
  54          void TIM0_Handler() interrupt 1
C51 COMPILER V9.56.0.0   MAIN                                                              10/29/2017 22:10:09 PAGE 2   

  55          {
  56   1              TR0=0; 
  57   1              TH0=0xFC;  //定时器1的工作方式使用了16位的寄存器
  58   1              TL0=0x18;  //所以不能自动重装载只能手动装载
  59   1              TR0=1;
  60   1              i++;       //记录进中断的次数（好像并没有什么用）
  61   1              
  62   1              if(i<location)          //当 duty_A 为 0 时 location 代表占空比
  63   1              {                       //_________________ A相
  64   2                      duty_B=1;       //-------------____ B相
  65   2              }                       //电平极性不同电机两端就存在电势差
  66   1              else if(i>location)     //才能转动
  67   1              {
  68   2                      duty_B=0;
  69   2              }
  70   1              if(i>=100)              //到了 100 就清 0 100 代表 PWM 波的周期
  71   1              {
  72   2                      i=0;
  73   2              }
  74   1              
  75   1      }


MODULE INFORMATION:   STATIC OVERLAYABLE
   CODE SIZE        =    172    ----
   CONSTANT SIZE    =   ----    ----
   XDATA SIZE       =   ----    ----
   PDATA SIZE       =   ----    ----
   DATA SIZE        =     19    ----
   IDATA SIZE       =   ----    ----
   BIT SIZE         =   ----    ----
END OF MODULE INFORMATION.


C51 COMPILATION COMPLETE.  0 WARNING(S),  0 ERROR(S)
