C51 COMPILER V9.56.0.0   MAIN                                                              12/17/2017 09:48:49 PAGE 1   


C51 COMPILER V9.56.0.0, COMPILATION OF MODULE MAIN
OBJECT MODULE PLACED IN ..\Output\main.obj
COMPILER INVOKED BY: D:\Program Files (x86)\keil\C51\BIN\C51.EXE ..\User\main.c OPTIMIZE(8,SPEED) BROWSE INCDIR(..\User)
                    - DEBUG OBJECTEXTEND PRINT(..\Listing\main.lst) TABS(8) OBJECT(..\Output\main.obj)

line level    source

   1          #include <reg51.h>
   2          int a,t,m;
   3          sbit led = P1^0;
   4          void Key_led ();
   5          void Delay(int t);
   6          void Control_led();
   7          int main ()
   8          {
   9   1              IP=0X04;
  10   1              IT0=1;
  11   1              TMOD = 0x01;
  12   1              TH0 = 0x0b;
  13   1              TL0 = 0xdc;
  14   1              TR0 = 1;
  15   1              IE = 0x86;
  16   1              led = 1;
  17   1              m = 0;
  18   1              while(1)
  19   1              {
  20   2              
  21   2              }
  22   1      }
  23          
  24          void Delay(int t)
  25          {
  26   1              int i,j;
  27   1              for(i=t;i>0;i--)
  28   1              for (j=1000;j>0;j--);
  29   1      }
  30          
  31          void TIM0_Handler() interrupt 1
  32          {
  33   1              TR0 = 0;
  34   1              TH0 = 0x0b;
  35   1              TL0 = 0xdc;
  36   1              TR0 = 1;
  37   1              a++;
  38   1              if(a >=16)
  39   1              {
  40   2                      a = 0;
  41   2                      led = ~led;
  42   2      //                if(led==0)
  43   2      //                {
  44   2      //                        Delay(1000);
  45   2      //                }
  46   2              }
  47   1      }
  48          
  49          void TIN0_Handler() interrupt 2
  50          {
  51   1              led = 1;
  52   1              Delay(1000);
  53   1      }

C51 COMPILER V9.56.0.0   MAIN                                                              12/17/2017 09:48:49 PAGE 2   


MODULE INFORMATION:   STATIC OVERLAYABLE
   CODE SIZE        =    143    ----
   CONSTANT SIZE    =   ----    ----
   XDATA SIZE       =   ----    ----
   PDATA SIZE       =   ----    ----
   DATA SIZE        =      6    ----
   IDATA SIZE       =   ----    ----
   BIT SIZE         =   ----    ----
END OF MODULE INFORMATION.


C51 COMPILATION COMPLETE.  0 WARNING(S),  0 ERROR(S)
