C51 COMPILER V9.56.0.0   MAIN                                                              10/04/2017 09:51:29 PAGE 1   


C51 COMPILER V9.56.0.0, COMPILATION OF MODULE MAIN
OBJECT MODULE PLACED IN ..\Output\main.obj
COMPILER INVOKED BY: D:\Program Files (x86)\keil\C51\BIN\C51.EXE ..\User\main.c OPTIMIZE(8,SPEED) BROWSE INCDIR(..\User)
                    - DEBUG OBJECTEXTEND PRINT(..\Listing\main.lst) TABS(8) OBJECT(..\Output\main.obj)

line level    source

   1          #include <reg51.h>
   2          void daley(unsigned char);
   3          unsigned char Key_Scan(void);
   4          void key_catch(unsigned char keyValue);
   5          unsigned char ledValue = 0xfe;
   6          unsigned char flickerFlag = 0;
   7          int main()
   8          {
   9   1              IT0 = 1;
  10   1              IE = 0x81;
  11   1                      while(1)
  12   1                      {
  13   2                              P0=ledValue;
  14   2                              daley(5);
  15   2                              if (flickerFlag!=0)  //控制灯闪烁
  16   2                              {
  17   3                                      P0=0xff;
  18   3                                      daley(5);
  19   3                              }
  20   2                      }
  21   1      }
  22          void daley(unsigned char t)
  23                  {
  24   1                      unsigned char i,j;        //延迟函数
  25   1                      for (i=t;i>0;i--)
  26   1                      for (j=1000;j>0;j--);
  27   1              }
  28          
  29          unsigned char Key_Scan(void)            //捕捉按键值
  30          {
  31   1                      unsigned char keyValue = 0xff;
  32   1                      int i=0;
  33   1                      if(P2 != 0xff)  
  34   1                      {
  35   2                              
  36   2                                      daley(5);
  37   2                                      if(P2 != 0xff)
  38   2                                      {
  39   3                                              
  40   3                                                      keyValue = P2;
  41   3                                                      while((i<20)&&(P2 != 0xff))
  42   3                                                      {
  43   4                                                      daley(5);
  44   4                                                              i=i++;
  45   4                                                      }
  46   3                                      }
  47   2                      }
  48   1                      return keyValue;
  49   1      }
  50          void key_catch(unsigned char keyValue)    //控制按键不同状态对应的不同情况
  51          {
  52   1              switch (keyValue)
  53   1              {
  54   2                      case (0xfe):
C51 COMPILER V9.56.0.0   MAIN                                                              10/04/2017 09:51:29 PAGE 2   

  55   2                              if (ledValue !=0x7f)
  56   2                              {
  57   3                                      ledValue=~((~ledValue)<<1);
  58   3                              };break;
  59   2                      
  60   2                      case (0xfd):
  61   2                      flickerFlag=~flickerFlag;
  62   2                              daley (1);break;
  63   2                      
  64   2                      case (0xfb):
  65   2                      if (ledValue !=0xfe)
  66   2                      {
  67   3                      ledValue=~((~ledValue)>>1);
  68   3                      };break;
  69   2              }
  70   1      }
  71          
  72          void INT0_Handler() interrupt 0
  73          {
  74   1                              key_catch(Key_Scan());
  75   1      
  76   1      }


MODULE INFORMATION:   STATIC OVERLAYABLE
   CODE SIZE        =    182    ----
   CONSTANT SIZE    =   ----    ----
   XDATA SIZE       =   ----    ----
   PDATA SIZE       =   ----    ----
   DATA SIZE        =      2    ----
   IDATA SIZE       =   ----    ----
   BIT SIZE         =   ----    ----
END OF MODULE INFORMATION.


C51 COMPILATION COMPLETE.  0 WARNING(S),  0 ERROR(S)
