C51 COMPILER V9.56.0.0   WEI                                                               10/30/2017 11:42:58 PAGE 1   


C51 COMPILER V9.56.0.0, COMPILATION OF MODULE WEI
OBJECT MODULE PLACED IN .\Objects\wei.obj
COMPILER INVOKED BY: D:\Program Files (x86)\keil\C51\BIN\C51.EXE wei.c OPTIMIZE(8,SPEED) BROWSE DEBUG OBJECTEXTEND PRINT
                    -(.\Listings\wei.lst) TABS(8) OBJECT(.\Objects\wei.obj)

line level    source

   1          #include<reg51.h>
   2          sbit wei=P1^0;
   3          int j;
   4          void delay(int j);
   5          int main()
   6          {
   7   1              while(1)
   8   1              {
   9   2                      wei=5;
  10   2                      delay(10);
  11   2                      wei=0;
  12   2                      delay(10);
  13   2              }
  14   1      }
  15          
  16          void delay(int j)
  17          {
  18   1              int i;
  19   1              for (j;j>0;j--)
  20   1              {
  21   2                      for(i=1000000;i>0;i--);
  22   2              }
  23   1      }


MODULE INFORMATION:   STATIC OVERLAYABLE
   CODE SIZE        =     52    ----
   CONSTANT SIZE    =   ----    ----
   XDATA SIZE       =   ----    ----
   PDATA SIZE       =   ----    ----
   DATA SIZE        =      2    ----
   IDATA SIZE       =   ----    ----
   BIT SIZE         =   ----    ----
END OF MODULE INFORMATION.


C51 COMPILATION COMPLETE.  0 WARNING(S),  0 ERROR(S)
