C51 COMPILER V9.56.0.0   MAIN                                                              10/04/2017 08:48:37 PAGE 1   


C51 COMPILER V9.56.0.0, COMPILATION OF MODULE MAIN
OBJECT MODULE PLACED IN ..\Output\main.obj
COMPILER INVOKED BY: D:\Program Files (x86)\keil\C51\BIN\C51.EXE ..\User\main.c OPTIMIZE(8,SPEED) BROWSE INCDIR(..\User)
                    - DEBUG OBJECTEXTEND PRINT(..\Listing\main.lst) TABS(8) OBJECT(..\Output\main.obj)

line level    source

   1          #include <reg51.h>
   2          void daley(unsigned char);
   3          unsigned char Key_Scan(void);
   4          void key_catch(unsigned char keyValue);
   5          sbit led=P0^0;
   6          sbit led1=P0^1;
   7          sbit led2=P0^2;
   8          sbit led3=P0^3;
   9          sbit led4=P0^4;
  10          sbit led5=P0^5;
  11          sbit led6=P0^6;
  12          sbit led7=P0^7;
  13          int main()
  14          {
  15   1              IT1 = 1;
  16   1              IE = 0x84;
  17   1                              led=1;
  18   1                              led1=1;
  19   1                              led2=1;
  20   1                              led3=1;
  21   1                              led4=1;
  22   1                              led5=1;
  23   1                              led6=1;
  24   1                              led7=1;
  25   1                      while(1)
  26   1                      {
  27   2                              
  28   2                              daley(5);
  29   2                      }
  30   1      }
  31          void daley(unsigned char t)
  32                  {
  33   1                      unsigned char i,j;        //延迟函数
  34   1                      for (i=t;i>0;i--)
  35   1                      for (j=1000;j>0;j--);
  36   1              }
  37          
  38          unsigned char Key_Scan(void)            //捕捉按键值
  39          {
  40   1                      unsigned char keyValue = 0xff;
  41   1                      if(P2 != 0xff)  
  42   1                      {
  43   2                                      daley(5);
  44   2                                      if(P2 != 0xff)
  45   2                                      {
  46   3                                                      keyValue = P2;
  47   3                                                      while(P2 != 0xff);
  48   3                                      }
  49   2                      }
  50   1                      return keyValue;
  51   1      }
  52          void key_catch(unsigned char keyValue)    //控制按键不同状态对应的不同情况
  53          {
  54   1              switch (keyValue)
C51 COMPILER V9.56.0.0   MAIN                                                              10/04/2017 08:48:37 PAGE 2   

  55   1              {
  56   2                      case (0xfe):
  57   2                              led=~led;break;
  58   2                      
  59   2                      case (0xfd):
  60   2                              led1=~led1;break;
  61   2                      
  62   2                      case (0xfb):
  63   2                              led2=~led2;break;
  64   2                      
  65   2                      case (0xf7):
  66   2                              led3=~led3;break;
  67   2                      
  68   2                      case (0xef):
  69   2                              led4=~led4;break;
  70   2                      
  71   2                      case (0xdf):
  72   2                              led5=~led5;break;
  73   2                      
  74   2                      case (0xbf):
  75   2                              led6=~led6;break;
  76   2                      
  77   2                      case (0x7f):
  78   2                              led7=~led7;break;
  79   2              }
  80   1      }
  81          
  82          void INT0_Handler() interrupt 2
  83          {
  84   1                              key_catch(Key_Scan());
  85   1      
  86   1      }


MODULE INFORMATION:   STATIC OVERLAYABLE
   CODE SIZE        =    155    ----
   CONSTANT SIZE    =   ----    ----
   XDATA SIZE       =   ----    ----
   PDATA SIZE       =   ----    ----
   DATA SIZE        =   ----    ----
   IDATA SIZE       =   ----    ----
   BIT SIZE         =   ----    ----
END OF MODULE INFORMATION.


C51 COMPILATION COMPLETE.  0 WARNING(S),  0 ERROR(S)
