C51 COMPILER V9.56.0.0   DELAY                                                             11/09/2017 19:05:52 PAGE 1   


C51 COMPILER V9.56.0.0, COMPILATION OF MODULE DELAY
OBJECT MODULE PLACED IN ..\Output\delay.obj
COMPILER INVOKED BY: D:\Program Files (x86)\keil\C51\BIN\C51.EXE ..\User\delay.c OPTIMIZE(8,SPEED) BROWSE INCDIR(..\User
                    -) DEBUG OBJECTEXTEND PRINT(..\Listing\delay.lst) TABS(8) OBJECT(..\Output\delay.obj)

line level    source

   1          #include "delay.h" 
   2          #include <reg51.h>
   3          void delay(u8 t)
   4          {
   5   1              u8 i;
   6   1              
   7   1              for( t=10; t > 0; t--)
   8   1              {
   9   2                      for(i= 200; i> 0; i--);
  10   2              }
  11   1      }


MODULE INFORMATION:   STATIC OVERLAYABLE
   CODE SIZE        =      9    ----
   CONSTANT SIZE    =   ----    ----
   XDATA SIZE       =   ----    ----
   PDATA SIZE       =   ----    ----
   DATA SIZE        =   ----    ----
   IDATA SIZE       =   ----    ----
   BIT SIZE         =   ----    ----
END OF MODULE INFORMATION.


C51 COMPILATION COMPLETE.  0 WARNING(S),  0 ERROR(S)
