C51 COMPILER V9.56.0.0   MAIN                                                              11/09/2017 19:05:52 PAGE 1   


C51 COMPILER V9.56.0.0, COMPILATION OF MODULE MAIN
OBJECT MODULE PLACED IN ..\Output\main.obj
COMPILER INVOKED BY: D:\Program Files (x86)\keil\C51\BIN\C51.EXE ..\User\main.c OPTIMIZE(8,SPEED) BROWSE INCDIR(..\User)
                    - DEBUG OBJECTEXTEND PRINT(..\Listing\main.lst) TABS(8) OBJECT(..\Output\main.obj)

line level    source

   1          #include <reg51.h>
   2          #include "key.h"
   3          #include "delay.h"
   4          sbit MA = P2^0; 
   5          sbit MB = P2^7; 
   6          u8 shi=5,ge=0,duty_A=0,duty_B=1,i=0,zhankongbi =50;
   7          u8 table[]={0x3f,0x06,0x5b,0x4f,0x66,0x6d,0x7d,0x07,0x7f,0x6f};
   8          u8 wei[]={0xfe,0xfd};
   9          void main()
  10          {
  11   1              
  12   1              TMOD=0x01;
  13   1              TH0=0xFC;
  14   1              TL0=0x18;
  15   1              TR0=1;
  16   1              IE = 0x83;
  17   1      
  18   1              while(1)
  19   1              {
  20   2                      MA=duty_A;
  21   2                      MB=duty_B;
  22   2                      
  23   2                      P1=wei[0];
  24   2                      P0=table[shi];
  25   2                      delay(10);
  26   2                  
  27   2                      P1=wei[1];
  28   2                      P0=table[ge];
  29   2                      delay(10);
  30   2              }
  31   1      }
  32          
  33          
  34          void INT0_Handler()  interrupt 0
  35          {
  36   1              key();
  37   1      }
  38          
  39          
  40          void TIM0_Handler() interrupt 1
  41          {
  42   1              TR0=0; 
  43   1              TH0=0xFC;
  44   1              TL0=0x18;
  45   1              TR0=1;
  46   1              i++;
  47   1              if(i<zhankongbi)
  48   1              {
  49   2                      duty_B=1;
  50   2              }
  51   1              else if(i>zhankongbi)
  52   1              {
  53   2                      duty_B=0;
  54   2              }
C51 COMPILER V9.56.0.0   MAIN                                                              11/09/2017 19:05:52 PAGE 2   

  55   1              if(i>=100)
  56   1              {
  57   2                      i=0;
  58   2              }
  59   1      }


MODULE INFORMATION:   STATIC OVERLAYABLE
   CODE SIZE        =    172    ----
   CONSTANT SIZE    =   ----    ----
   XDATA SIZE       =   ----    ----
   PDATA SIZE       =   ----    ----
   DATA SIZE        =     18    ----
   IDATA SIZE       =   ----    ----
   BIT SIZE         =   ----    ----
END OF MODULE INFORMATION.


C51 COMPILATION COMPLETE.  0 WARNING(S),  0 ERROR(S)
