C51 COMPILER V9.56.0.0   MAIN                                                              11/10/2017 13:39:21 PAGE 1   


C51 COMPILER V9.56.0.0, COMPILATION OF MODULE MAIN
OBJECT MODULE PLACED IN ..\Output\main.obj
COMPILER INVOKED BY: D:\Program Files (x86)\keil\C51\BIN\C51.EXE ..\User\main.c OPTIMIZE(8,SPEED) BROWSE INCDIR(..\User)
                    - DEBUG OBJECTEXTEND PRINT(..\Listing\main.lst) TABS(8) OBJECT(..\Output\main.obj)

line level    source

   1          #include <reg51.h>
   2          u8 Xianshi[10]={0x3f,0x06,0x5b,0x4f,0x66,0x6d,0x7d,0x07,0x7f,0x6f};             //0.1.2.3.4.5.6..7.8.9
   3          u8 Weixuan[2]={0xfe,0xfd};                                                      //开启第一位或者第二位
   4          u8 c[2]={5,0};                                                                      //初始50
   5          sbit key = P2^1;
   6          sbit key1 = P2^2;
   7          sbit key2 = P2^3;
   8          sbit key3 = P2^4;
   9          sbit zhuan = P2^0;
  10          sbit zhuan1 = P2^6;
  11          sbit KKK = P2^5;
  12          int i,j,t,num,k=0;
  13          void delay(int t);
  14          void gongneng();
  15          void dengliang();
  16          void jia();
  17          void jian();
  18          void zhuanji();
  19          int main ()
  20          {
  21   1              TMOD=0x01;      //确定定时器方式
  22   1              TH0=0xFC;       //赋初值
  23   1              TL0=0x18;       //赋初值
  24   1              TR0=1;          //开定时器
  25   1              IE = 0x83;  
  26   1              KKK=1;
  27   1              num=50;
  28   1              P2=0xff;
  29   1              while(1)
  30   1              {
  31   2                      dengliang();
  32   2              }
  33   1      }
  34          
  35          void gongneng()
  36          {
  37   1              if ( key==0||key1 ==0||key2==0||key3==0)
  38   1              {
  39   2                      delay(1);
  40   2                      {
  41   3                              if (key==0)
  42   3                              {
  43   4                                      if(k==0)
  44   4                                      {
  45   5                                              zhuan=1;
  46   5                                              k=~k;
  47   5                                      }
  48   4                                      else if(k!=0)
  49   4                                      {
  50   5                                              zhuan=zhuan1=1;
  51   5                                              k=~k;
  52   5                                      }
  53   4                              }
  54   3                              else if (key1==0&&k!=0)
C51 COMPILER V9.56.0.0   MAIN                                                              11/10/2017 13:39:21 PAGE 2   

  55   3                              {
  56   4                                      zhuan = ~zhuan;
  57   4                              }
  58   3                              else if (key!=0&&key2==0)
  59   3                              {
  60   4                                              if(num<=96)
  61   4                                              {
  62   5                                                      num+=3;
  63   5                                              }
  64   4                                              if(num>96)
  65   4                                              {
  66   5                                                      num=num;
  67   5                                              }
  68   4                                              jia();
  69   4                              }
  70   3                              else if (key!=0&&key3==0)
  71   3                              {
  72   4                                              if(num>=5)
  73   4                                              {
  74   5                                              num-=5;
  75   5                                              }
  76   4                                              if(num<5)
  77   4                                              {
  78   5                                                      num=num;
  79   5                                              }
  80   4                                              jian();
  81   4                              }
  82   3                      }
  83   2                      while(key!=0&&key1 !=0&&key2!=0&&key3!=0);
  84   2              }
  85   1      }
  86          
  87          
  88          
  89          void dengliang()
  90          {
  91   1                      for(j=10;j>0;j--)
  92   1                      {
  93   2                                      for(i=0;i<2;i++)
  94   2                                      {
  95   3                                                      if(k==0)
  96   3                                                      {
  97   4                                                              P1=Weixuan[i];
  98   4                                                              P0=Xianshi[0];
  99   4                                                              delay(50);
 100   4                                                      }
 101   3                                                      if(k!=0)
 102   3                                                      {
 103   4                                                              P1=Weixuan[i];
 104   4                                                              P0=Xianshi[c[i]];
 105   4                                                              delay(50);
 106   4                                                      }
 107   3                                      }
 108   2                      }
 109   1      }
 110          
 111          void jia()                                                //加函数
 112          {
 113   1              if(c[0]<9)
 114   1              {
 115   2                      c[1]=c[1]+3;
 116   2                      if(c[1]>9)
C51 COMPILER V9.56.0.0   MAIN                                                              11/10/2017 13:39:21 PAGE 3   

 117   2                      {
 118   3                              c[1]=c[1]-10;
 119   3                              c[0]=c[0]+1;
 120   3                      }
 121   2              }
 122   1              if(c[0]>=9)
 123   1              {
 124   2              c[0]=9;
 125   2                      if(c[1]>=9)
 126   2                      {
 127   3                              c[1]=9;
 128   3                      }
 129   2                      if(c[1]<7)
 130   2                      {
 131   3                              c[1]=c[1]+3;
 132   3                      }
 133   2              }
 134   1      }
 135          
 136          void jian()                                                //减函数
 137          {
 138   1              if(c[1]>=5)
 139   1              {
 140   2                      c[1]=c[1]-5;
 141   2              }
 142   1              else if(c[1]<5&&c[1]>=0)
 143   1              {
 144   2                      if(c[0]==0)
 145   2                      {
 146   3                              c[1]=c[1];
 147   3                              c[0]=0;
 148   3                      }
 149   2                      else
 150   2                      {
 151   3                              c[1]=c[1]+5;
 152   3                              c[0]=c[0]-1;
 153   3                      }
 154   2              }
 155   1      }
 156          
 157          void delay(int t)
 158          {
 159   1              int i,j;
 160   1              for (i=t;i>0;i--)
 161   1                      for (j=10;j>0;j--);
 162   1      }
 163          
 164          
 165          void INT0_Handler() interrupt 0
 166          {
 167   1              gongneng();
 168   1      }
 169          
 170          
 171          
 172          void TIM0_Handler() interrupt 1
 173          {
 174   1              TR0=0; 
 175   1              TH0=0xFC;
 176   1              TL0=0x18;
 177   1              TR0=1;
 178   1              i++;
C51 COMPILER V9.56.0.0   MAIN                                                              11/10/2017 13:39:21 PAGE 4   

 179   1              if(i<num)
 180   1              {
 181   2                      zhuan1=1;
 182   2              }
 183   1              else if(i>num)
 184   1              {
 185   2                      zhuan1=0;
 186   2              }
 187   1              if(i>=100)
 188   1              {
 189   2                      i=0;
 190   2              }
 191   1      }


MODULE INFORMATION:   STATIC OVERLAYABLE
   CODE SIZE        =    592    ----
   CONSTANT SIZE    =   ----    ----
   XDATA SIZE       =   ----    ----
   PDATA SIZE       =   ----    ----
   DATA SIZE        =     24    ----
   IDATA SIZE       =   ----    ----
   BIT SIZE         =   ----    ----
END OF MODULE INFORMATION.


C51 COMPILATION COMPLETE.  0 WARNING(S),  0 ERROR(S)
