C51 COMPILER V9.56.0.0   MAIN                                                              10/20/2017 13:00:45 PAGE 1   


C51 COMPILER V9.56.0.0, COMPILATION OF MODULE MAIN
OBJECT MODULE PLACED IN ..\Output\main.obj
COMPILER INVOKED BY: D:\Program Files (x86)\keil\C51\BIN\C51.EXE ..\User\main.c OPTIMIZE(8,SPEED) BROWSE INCDIR(..\User)
                    - DEBUG OBJECTEXTEND PRINT(..\Listing\main.lst) TABS(8) OBJECT(..\Output\main.obj)

line level    source

   1          #include <reg51.h>
   2          #define u8 unsigned char
   3          u8 SegCode[10]={0x3f,0x06,0x5b,0x4f,0x66,0x6d,0x7d,0x07,0x7f,0x6f};
   4          u8 KK[6]={0xfe,0xfd,0xfb,0xf7,0xef,0xdf};
   5          u8 c[6]={2,3,5,9,5,0};
   6          void miedeng();
   7          void dengliang();
   8          void delay(int t);
   9          void yiwei();
  10          void xiaoshi();
  11          void fenzhong();
  12          void jia();
  13          void jian();
  14          char flag=0;
  15          int i,j=0;
  16          u8 num=0;
  17          int main()
  18          {
  19   1             IT0=1;
  20   1             IE = 0x89;
  21   1              while(1)
  22   1              {
  23   2                      dengliang();
  24   2                      miedeng();
  25   2              }
  26   1      }
  27          
  28          int key_press(void)
  29          {
  30   1             char key=0xff;
  31   1             int i=0;
  32   1             if(P2!=0xff)
  33   1             {
  34   2                    delay(1);
  35   2                    if(P2!=0xff)
  36   2                    {
  37   3                           key=P2;
  38   3                           while((i<20)&&(P2!=0xff))
  39   3                           {
  40   4                                  i++;
  41   4                                  delay(1);
  42   4                           }
  43   3                    }
  44   2             }
  45   1             return key;
  46   1      }
  47          
  48          void key_control(char key)    //控制按键不同状态对应的不同情况
  49          {
  50   1              switch (key)
  51   1              {
  52   2                      case (0xfe):                                    //移位
  53   2                      {
  54   3                              yiwei();
C51 COMPILER V9.56.0.0   MAIN                                                              10/20/2017 13:00:45 PAGE 2   

  55   3                      };
  56   2                      break;
  57   2                      
  58   2                      case (0xfd):                                    //闪烁
  59   2                      flag=~flag;
  60   2                      break;
  61   2                      
  62   2                      case (0xfb):                                    //加
  63   2                      if(flag !=0)
  64   2                      {
  65   3                              jia();
  66   3                      };break;
  67   2                      
  68   2                      case (0xf7):                            //减
  69   2                      if(flag !=0)
  70   2                      {
  71   3                              jian();
  72   3                      };break;
  73   2              }
  74   1      }
  75          
  76          void miedeng ()
  77          {
  78   1                      if(flag != 0)
  79   1                      {
  80   2                              for(j=10;j>0;j--)
  81   2                              {
  82   3                                      for(i=0;i<6;i++)
  83   3                                              {
  84   4                                                      if (i ==num)
  85   4                                                      { 
  86   5                                                              P1=0xff;
  87   5                                                              delay(1);
  88   5                                                      }
  89   4                                                      else
  90   4                                                      {
  91   5                                                              if(i==1||i==3)
  92   5                                                              {
  93   6                                                                      P1=KK[i];
  94   6                                                                      P0= SegCode[c[i]]|0x80;
  95   6                                                                      delay(1);
  96   6                                                              }
  97   5                                                              else
  98   5                                                              {
  99   6                                                                      P1=KK[i];
 100   6                                                                      P0=SegCode[c[i]];
 101   6                                                                      delay(1);
 102   6                                                              }
 103   5                                                      }
 104   4                                              }
 105   3                              }
 106   2                      }
 107   1      }
 108          
 109          void dengliang()
 110          {
 111   1              for(j=10;j>0;j--)
 112   1                   {
 113   2                          for(i=0;i<6;i++)
 114   2                         { 
 115   3                                if(i==1||i==3)
 116   3                                {
C51 COMPILER V9.56.0.0   MAIN                                                              10/20/2017 13:00:45 PAGE 3   

 117   4                                       P1=KK[i];
 118   4                                       P0= SegCode[c[i]]|0x80;
 119   4                                       delay(1);
 120   4                                }
 121   3                                else
 122   3                                {
 123   4                                       P1=KK[i];
 124   4                                       P0=SegCode[c[i]];
 125   4                                       delay(1);
 126   4                                }
 127   3                         }
 128   2                  }
 129   1      }
 130          
 131          void delay(int t)
 132          {
 133   1             int i,j;
 134   1             for(i=t;i>0;i--)
 135   1             for(j=1000;j>0;j--);
 136   1      }
 137          
 138          void xiaoshi()                          //调整小时函数
 139                  {        
 140   1                      if (c[0]==0||c[0]==1)
 141   1                      {
 142   2                                      c[1]+=1;
 143   2                                      if(c[1]>=10)
 144   2                                      {
 145   3                                      c[1]=0;
 146   3                                      c[0]=c[0]+1;
 147   3                                      }
 148   2                      }
 149   1                      else if (c[0]==2)
 150   1                      {
 151   2                                      c[1]+=1;
 152   2                                      if(c[1]>3)
 153   2                                      {
 154   3                                      c[1]=0;
 155   3                                      c[0]=0;
 156   3                                      }
 157   2                      }
 158   1              }
 159          
 160          void fenzhong()                         //调整分钟函数
 161                  {
 162   1                      c[3]+=1;
 163   1                      if(c[3]>=10)
 164   1                      {
 165   2                              c[3]=0;
 166   2                              c[2]=c[2]+1;
 167   2                              if (c[2]>=6)
 168   2                              c[2]=0;
 169   2                              xiaoshi();
 170   2                      }
 171   1              }
 172                  
 173          void yiwei()                            //移位函数
 174          {
 175   1                      if(flag !=0)
 176   1                      {
 177   2                              num+=1;
 178   2                              if (num>=6)
C51 COMPILER V9.56.0.0   MAIN                                                              10/20/2017 13:00:45 PAGE 4   

 179   2                              {
 180   3                                      num=num-6;
 181   3                              }
 182   2                      }
 183   1      }
 184          
 185          void jia()                              //加函数
 186          {
 187   1                      switch(num)
 188   1                      {
 189   2                              case(0):                        //第一位是0.1.2
 190   2                              {
 191   3                                      c[num]+=1;
 192   3                                      if(c[num]>=3)
 193   3                                      {
 194   4                                              c[num]=0;
 195   4                                      }
 196   3                              };break;
 197   2                              
 198   2                              case(1):                        //第二位
 199   2                              {
 200   3                                      if (c[0]==0||c[0]==1)
 201   3                                      {
 202   4                                              c[num]+=1;
 203   4                                              if(c[num]>=10)
 204   4                                              {
 205   5                                                      c[num]=0;
 206   5                                                      c[num-1]=c[num-1]+1;
 207   5                                              }
 208   4                                      }
 209   3                                      else if (c[0]==2)
 210   3                                      {
 211   4                                              c[num]+=1;
 212   4                                              if(c[num]>3)
 213   4                                              {
 214   5                                                      c[num]=0;
 215   5                                                      c[num-1]=0;
 216   5                                                      
 217   5                                              }
 218   4                                      };
 219   3                              };break;
 220   2                              
 221   2                              case(2):
 222   2                              {
 223   3                                      c[num]+=1;
 224   3                                      if(c[num]>=6)
 225   3                                      {
 226   4                                              c[num]=0;
 227   4                                      }
 228   3                              };break;
 229   2                              
 230   2                              
 231   2                              case(3):
 232   2                              {
 233   3                                      c[num]+=1;
 234   3                                      if(c[num]>=10)
 235   3                                      {
 236   4                                              c[num]=0;
 237   4                                              c[num-1]=c[num-1]+1;
 238   4                                              if (c[num-1]>=6)
 239   4                                              { 
 240   5                                                      c[num-1]=0;
C51 COMPILER V9.56.0.0   MAIN                                                              10/20/2017 13:00:45 PAGE 5   

 241   5                                                      xiaoshi();
 242   5                                              }
 243   4                                      }
 244   3                              };break;
 245   2                              
 246   2                              
 247   2                              case(4):
 248   2                              {
 249   3                                      c[num]+=1;
 250   3                                      if(c[num]>=6)
 251   3                                      {
 252   4                                              c[num]=0;
 253   4                                      }
 254   3                              };break;
 255   2                              
 256   2                              case(5):
 257   2                              {
 258   3                                      c[num]+=1;
 259   3                                      if(c[num]>=10)
 260   3                                      {
 261   4                                              c[num]=0;
 262   4                                              c[num-1]=c[num-1]+1;
 263   4                                              if (c[num-1]>=6)
 264   4                                              {
 265   5                                                      c[num-1]=0;
 266   5                                                      fenzhong();
 267   5                                              }
 268   4                                              
 269   4                                      }
 270   3                              };break;
 271   2                      }
 272   1      }
 273          
 274          void jian()                             //减函数
 275          {
 276   1                      if(c[num]>=1&&c[num]<10)
 277   1                      {
 278   2                              if (num ==0||num==1||num==2||num==3||num==4||num==5)
 279   2                              {
 280   3                                      c[num]=c[num]-1;
 281   3                              }
 282   2                      }
 283   1                      else
 284   1                      c[num]=0;
 285   1      }
 286          
 287          void INT0_Handler() interrupt 0
 288          {
 289   1             key_control(key_press());
 290   1      }


MODULE INFORMATION:   STATIC OVERLAYABLE
   CODE SIZE        =    871    ----
   CONSTANT SIZE    =   ----    ----
   XDATA SIZE       =   ----    ----
   PDATA SIZE       =   ----    ----
   DATA SIZE        =     28       3
   IDATA SIZE       =   ----    ----
   BIT SIZE         =   ----    ----
END OF MODULE INFORMATION.


C51 COMPILATION COMPLETE.  0 WARNING(S),  0 ERROR(S)
