C51 COMPILER V9.56.0.0   MAIN                                                              10/01/2017 18:14:54 PAGE 1   


C51 COMPILER V9.56.0.0, COMPILATION OF MODULE MAIN
OBJECT MODULE PLACED IN ..\Output\main.obj
COMPILER INVOKED BY: D:\Program Files (x86)\keil\C51\BIN\C51.EXE ..\User\main.c OPTIMIZE(8,SPEED) BROWSE INCDIR(..\User)
                    - DEBUG OBJECTEXTEND PRINT(..\Listing\main.lst) TABS(2) OBJECT(..\Output\main.obj)

line level    source

   1          #include "reg51.h"
   2          int i,botton;
   3          int main()
   4          {
   5   1              P0=0xFF;
   6   1              while(1)
   7   1              {
   8   2                botton=P2;
   9   2                        if( 0xFE == P2) 
  10   2                        {
  11   3                                  for(i = 100; i > 0; i--);
  12   3                                  if(0xFE== P2)
  13   3                                  {
  14   4                                          P0=P0^0xFE;
  15   4                                          P0=~P0;
  16   4                                  }
  17   3                                  while(0xFE == botton); 
  18   3                          }
  19   2                      
  20   2                                        if(0xFD== P2) 
  21   2                                        {
  22   3                                            for(i = 100; i > 0; i--);
  23   3                                              if(0xFD== P2)
  24   3                                                {
  25   4                                                        P0=P0^0xFD;
  26   4                                                        P0=~P0;
  27   4                                                }
  28   3                                            while(0xFD== P2); 
  29   3                                        }
  30   2                                        
  31   2                                                          if(0xFB == P2) 
  32   2                                                          {
  33   3                                                              for(i = 100; i > 0; i--);
  34   3                                                                if(0xFB== P2)
  35   3                                                                  {
  36   4                                                                          P0=P0^0xFB;
  37   4                                                                          P0=~P0;
  38   4                                                                  }
  39   3                                                              while(0xFB== P2);
  40   3      
  41   3                                                          }
  42   2                                                          
  43   2                                                                      if(0xF7 == P2) 
  44   2                                                                      {
  45   3                                                                          for(i = 100; i > 0; i--);
  46   3                                                                            if(0xF7== P2)
  47   3                                                                              {
  48   4                                                                                      P0=P0^0xF7;
  49   4                                                                                      P0=~P0;
  50   4                                                                              }
  51   3                                                                          while(0xF7== P2);
  52   3                                                                      }
  53   2                                                                  
  54   2                                                                                      if(0xEF== P2) 
C51 COMPILER V9.56.0.0   MAIN                                                              10/01/2017 18:14:54 PAGE 2   

  55   2                                                                                      {
  56   3                                                                                          for(i = 100; i > 0; i--);
  57   3                                                                                            if(0xEF == P2)
  58   3                                                                                              {
  59   4                                                                                                      P0=P0^0xEF;
  60   4                                                                                                      P0=~P0;
  61   4                                                                                              }
  62   3                                                                                          while(0xEF == P2);
  63   3                                                                                      }
  64   2                                                                                      
  65   2                                                                        if(0xDF == P2) 
  66   2                                                                        {
  67   3                                                                            for(i = 100; i > 0; i--);
  68   3                                                                              if(0xDF== P2)
  69   3                                                                                {
  70   4                                                                                        P0=P0^0xDF;
  71   4                                                                                        P0=~P0;
  72   4                                                                                }
  73   3                                                                            while(0xDF == P2);
  74   3                                                                        }
  75   2                                                                                                            
  76   2                                                if(0xBF== P2) 
  77   2                                                {
  78   3                                                    for(i = 100; i > 0; i--);
  79   3                                                      if(0xBF == P2)
  80   3                                                        {
  81   4                                                                P0=P0^0xBF;
  82   4                                                                P0=~P0;
  83   4                                                        }
  84   3                                                    while(0xBF == P2);
  85   3                                                }
  86   2                                              
  87   2                      if(0x7F == P2) 
  88   2                      {
  89   3                          for(i = 100; i > 0; i--);
  90   3                            if(0x7F== P2)
  91   3                              {
  92   4                                      P0=P0^0x7F;
  93   4                                      P0=~P0;
  94   4                              }
  95   3                          while(0x7F == P2);
  96   3      
  97   3                      }
  98   2      
  99   2              }
 100   1      }


MODULE INFORMATION:   STATIC OVERLAYABLE
   CODE SIZE        =    356    ----
   CONSTANT SIZE    =   ----    ----
   XDATA SIZE       =   ----    ----
   PDATA SIZE       =   ----    ----
   DATA SIZE        =      4    ----
   IDATA SIZE       =   ----    ----
   BIT SIZE         =   ----    ----
END OF MODULE INFORMATION.


C51 COMPILATION COMPLETE.  0 WARNING(S),  0 ERROR(S)
