C51 COMPILER V9.56.0.0   MAIN                                                              10/08/2017 16:05:11 PAGE 1   


C51 COMPILER V9.56.0.0, COMPILATION OF MODULE MAIN
OBJECT MODULE PLACED IN ..\Output\main.obj
COMPILER INVOKED BY: D:\Program Files (x86)\keil\C51\BIN\C51.EXE ..\User\main.c OPTIMIZE(8,SPEED) BROWSE INCDIR(..\User)
                    - DEBUG OBJECTEXTEND PRINT(..\Listing\main.lst) TABS(8) OBJECT(..\Output\main.obj)

line level    source

   1          #include <reg51.h>
   2          #define u8 unsigned char
   3          u8 SegCode[10]={0x3f,0x06,0x5b,0x4f,0x66,0x6d,0x7d,0x07,0x7f,0x6f};
   4          u8 KK[6]={0xfe,0xfd,0xfb,0xf7,0xef,0xdf};
   5          u8 c[6]={2,3,5,9,5,0};
   6          void miedeng();
   7          void dengliang();
   8          void delay(int t);
   9          void yiwei();
  10          void xiaoshi();
  11          void fenzhong();
  12          void jia();
  13          void jian();
  14          char flag=0;
  15          int i,j=0;
  16          u8 num=0;u8 a;
  17          int main ()
  18          {
  19   1              IT0=1;
  20   1              TMOD = 0x10;
  21   1              TH1 = 0x0b;
  22   1              TL1 = 0xdc;
  23   1              IE = 0x89;
  24   1              TR1 = 1;
  25   1              while(1)
  26   1              {
  27   2                      dengliang();
  28   2                      miedeng();
  29   2              
  30   2              }
  31   1      }
  32          
  33          
  34          int key_press(void)                     //捕获按键函数
  35          {
  36   1             char key=0xff;
  37   1             int i=0;
  38   1             if(P2!=0xff)
  39   1             {
  40   2                    delay(1);
  41   2                    if(P2!=0xff)
  42   2                    {
  43   3                           key=P2;
  44   3                           while((i<20)&&(P2!=0xff))
  45   3                           {
  46   4                                  i++;
  47   4                                  delay(1);
  48   4                           }
  49   3                    }
  50   2             }
  51   1             return key;
  52   1      }
  53          
  54          void key_control(char key)                      //控制按键不同状态对应的不同情况
C51 COMPILER V9.56.0.0   MAIN                                                              10/08/2017 16:05:11 PAGE 2   

  55          {
  56   1              switch (key)
  57   1              {
  58   2                      case (0xfe):                                    //移位
  59   2                      {
  60   3                              yiwei();
  61   3                      };
  62   2                      break;
  63   2                      
  64   2                      case (0xfd):                                    //闪烁
  65   2                      {
  66   3                      flag=~flag;
  67   3                      if(flag!=0)                                     //关闭定时器中断
  68   3                      {
  69   4                              TR1=0;
  70   4                      }
  71   3                      if (flag==0)                                    //开启定时器中断
  72   3                      {
  73   4                              TR1=1;
  74   4                      }
  75   3                      }
  76   2                      break;
  77   2                      
  78   2                      case (0xfb):                                    //加
  79   2                      if(flag !=0)
  80   2                      {
  81   3                              jia();
  82   3                      };break;
  83   2                      
  84   2                      case (0xf7):                            //减
  85   2                      if(flag !=0)
  86   2                      {
  87   3                              jian();
  88   3                      };break;
  89   2              }
  90   1      }
  91          
  92          void miedeng ()                 //灭灯函数
  93          {
  94   1                      if(flag != 0)
  95   1                      {
  96   2                              for(j=10;j>0;j--)
  97   2                              {
  98   3                                      for(i=0;i<6;i++)
  99   3                                              {
 100   4                                                      if (i ==num)
 101   4                                                      { 
 102   5                                                              P1=0xff;
 103   5                                                              delay(1);
 104   5                                                      }
 105   4                                                      else
 106   4                                                      {
 107   5                                                              if(i==1||i==3)
 108   5                                                              {
 109   6                                                                      P1=KK[i];
 110   6                                                                      P0= SegCode[c[i]]|0x80;
 111   6                                                                      delay(1);
 112   6                                                              }
 113   5                                                              else
 114   5                                                              {
 115   6                                                                      P1=KK[i];
 116   6                                                                      P0=SegCode[c[i]];
C51 COMPILER V9.56.0.0   MAIN                                                              10/08/2017 16:05:11 PAGE 3   

 117   6                                                                      delay(1);
 118   6                                                              }
 119   5                                                      }
 120   4                                              }
 121   3                              }
 122   2                      }
 123   1      }
 124          
 125          void dengliang()                        //亮灯函数
 126          {
 127   1              for(j=10;j>0;j--)
 128   1                   {
 129   2                          for(i=0;i<6;i++)
 130   2                         { 
 131   3                                if(i==1||i==3)
 132   3                                {
 133   4                                       P1=KK[i];
 134   4                                       P0= SegCode[c[i]]|0x80;
 135   4                                       delay(1);
 136   4                                }
 137   3                                else
 138   3                                {
 139   4                                       P1=KK[i];
 140   4                                       P0=SegCode[c[i]];
 141   4                                       delay(1);
 142   4                                }
 143   3                         }
 144   2                  }
 145   1      }
 146          
 147          void xiaoshi()                          //调整小时函数
 148                  {        
 149   1                      if (c[0]==0||c[0]==1)
 150   1                      {
 151   2                                      c[1]+=1;
 152   2                                      if(c[1]>=10)
 153   2                                      {
 154   3                                      c[1]=0;
 155   3                                      c[0]=c[0]+1;
 156   3                                      }
 157   2                      }
 158   1                      else if (c[0]==2)
 159   1                      {
 160   2                                      c[1]+=1;
 161   2                                      if(c[1]>3)
 162   2                                      {
 163   3                                      c[1]=0;
 164   3                                      c[0]=0;
 165   3                                      }
 166   2                      }
 167   1              }
 168          
 169          void fenzhong()                         //调整分钟函数
 170                  {
 171   1                      c[3]+=1;
 172   1                      if(c[3]>=10)
 173   1                      {
 174   2                              c[3]=0;
 175   2                              c[2]=c[2]+1;
 176   2                              if (c[2]>=6)
 177   2                              {
 178   3                                      c[2]=0;
C51 COMPILER V9.56.0.0   MAIN                                                              10/08/2017 16:05:11 PAGE 4   

 179   3                                      xiaoshi();
 180   3                              }
 181   2                      }
 182   1              }
 183                  
 184          void yiwei()                            //移位函数
 185          {
 186   1                      if(flag !=0)
 187   1                      {
 188   2                              num+=1;
 189   2                              if (num>=6)
 190   2                              {
 191   3                                      num=num-6;
 192   3                              }
 193   2                      }
 194   1      }
 195          
 196          void jia()                              //加函数
 197          {
 198   1                      switch(num)
 199   1                      {
 200   2                              case(0):                        //第一位
 201   2                              {
 202   3                                      switch(c[num])
 203   3                                      {
 204   4                                              case (0):
 205   4                                              {
 206   5                                                      c[num]+=1;
 207   5                                              };break;
 208   4                                              
 209   4                                              case(1):
 210   4                                              {
 211   5                                                      if(c[num+1]>=4)
 212   5                                                      {
 213   6                                                              c[num]=2;
 214   6                                                              c[num+1]=3;
 215   6                                                      }
 216   5                                                      else
 217   5                                                      {
 218   6                                                              c[num]+=1;
 219   6                                                      };
 220   5                                              };break;
 221   4                                              
 222   4                                              case(2):
 223   4                                              {
 224   5                                              c[num]=0;
 225   5                                              };break;
 226   4                                      }
 227   3                              };break;
 228   2                              
 229   2                              case(1):                        //第二位
 230   2                              {
 231   3                                      if (c[0]==0||c[0]==1)
 232   3                                      {
 233   4                                              c[num]+=1;
 234   4                                              if(c[num]>=10)
 235   4                                              {
 236   5                                                      c[num]=0;
 237   5                                                      c[num-1]=c[num-1]+1;
 238   5                                              }
 239   4                                      }
 240   3                                      else if (c[0]==2)
C51 COMPILER V9.56.0.0   MAIN                                                              10/08/2017 16:05:11 PAGE 5   

 241   3                                      {
 242   4                                              c[num]+=1;
 243   4                                              if(c[num]>3)
 244   4                                              {
 245   5                                                      c[num]=0;
 246   5                                                      c[num-1]=0;
 247   5                                                      
 248   5                                              }
 249   4                                      };
 250   3                              };break;
 251   2                              
 252   2                              case(2):                        //第三位
 253   2                              {
 254   3                                      c[num]+=1;
 255   3                                      if(c[num]>=6)
 256   3                                      {
 257   4                                              c[num]=0;
 258   4                                      }
 259   3                              };break;
 260   2                              
 261   2                              
 262   2                              case(3):                        //第四位
 263   2                              {
 264   3                                      c[num]+=1;
 265   3                                      if(c[num]>=10)
 266   3                                      {
 267   4                                              c[num]=0;
 268   4                                              c[num-1]=c[num-1]+1;
 269   4                                              if (c[num-1]>=6)
 270   4                                              { 
 271   5                                                      c[num-1]=0;
 272   5                                                      xiaoshi();
 273   5                                              }
 274   4                                      }
 275   3                              };break;
 276   2                              
 277   2                              
 278   2                              case(4):                        //第五位
 279   2                              {
 280   3                                      c[num]+=1;
 281   3                                      if(c[num]>=6)
 282   3                                      {
 283   4                                              c[num]=0;
 284   4                                      }
 285   3                              };break;
 286   2                              
 287   2                              case(5):                        //第六位
 288   2                              {
 289   3                                      c[num]+=1;
 290   3                                      if(c[num]>=10)
 291   3                                      {
 292   4                                              c[num]=0;
 293   4                                              c[num-1]=c[num-1]+1;
 294   4                                              if (c[num-1]>=6)
 295   4                                              {
 296   5                                                      c[num-1]=0;
 297   5                                                      fenzhong();
 298   5                                              }
 299   4                                              
 300   4                                      }
 301   3                              };break;
 302   2                      }
C51 COMPILER V9.56.0.0   MAIN                                                              10/08/2017 16:05:11 PAGE 6   

 303   1      }
 304          
 305          void jian()                             //减函数   减到0停止
 306          {
 307   1                      if(c[num]>=1&&c[num]<10)
 308   1                      {
 309   2                              if (num ==0||num==1||num==2||num==3||num==4||num==5)
 310   2                              {
 311   3                                      c[num]=c[num]-1;
 312   3                              }
 313   2                      }
 314   1                      else
 315   1                      c[num]=0;
 316   1      }
 317          
 318          void delay(int t)               //延迟函数
 319          {
 320   1             int i,j;
 321   1             for(i=t;i>0;i--)
 322   1             for(j=1000;j>0;j--);
 323   1      }
 324          
 325          
 326          void INT0_Handler() interrupt 0         //外部中断
 327          {
 328   1             key_control(key_press());
 329   1      }
 330          
 331          void TIM0_Handler() interrupt 3         //定时器中断
 332          {
 333   1              TR1=0;
 334   1              TH1 = 0x0b;
 335   1              TL1 = 0xdc;                     //装载初值
 336   1              TR1=1;
 337   1              a++;
 338   1              if(a >= 16)                     //满一秒钟
 339   1              {
 340   2                      a = 0;
 341   2                      num=5;
 342   2                      jia();
 343   2              }
 344   1      }


MODULE INFORMATION:   STATIC OVERLAYABLE
   CODE SIZE        =    969    ----
   CONSTANT SIZE    =   ----    ----
   XDATA SIZE       =   ----    ----
   PDATA SIZE       =   ----    ----
   DATA SIZE        =     29       3
   IDATA SIZE       =   ----    ----
   BIT SIZE         =   ----    ----
END OF MODULE INFORMATION.


C51 COMPILATION COMPLETE.  0 WARNING(S),  0 ERROR(S)
